<?xml version="1.0" encoding="UTF-8"?>
<testsuite xmlns:xsi="http://www.w3.org/2001/XMLSchema-instance" xsi:noNamespaceSchemaLocation="https://maven.apache.org/surefire/maven-surefire-plugin/xsd/surefire-test-report-3.0.xsd" version="3.0" name="MenuTest" time="0.41" tests="9" errors="0" skipped="0" failures="3">
  <properties>
[...]
</properties>
  <testcase name="T5_notifyRegisteredCustomers" classname="MenuTest" time="0.177">
    <system-out><![CDATA[Customer added successfully: Customer{name='John', contactInfo='john@example.com', isRegistered=false, vehicles=[Vehicle{registrationNumber='123', make='Toyota', model='Corolla'}]}
Customer added successfully: Customer{name='Jane', contactInfo='jane@example.com', isRegistered=false, vehicles=[Vehicle{registrationNumber='456', make='Honda', model='Civic'}]}
]]></system-out>
  </testcase>
  <testcase name="T1_addCustomer_ValidDetails" classname="MenuTest" time="0.01">
    <system-out><![CDATA[Customer added successfully: Customer{name='John Doe', contactInfo='123-456-7890', isRegistered=false, vehicles=[Vehicle{registrationNumber='ABC123', make='Toyota', model='Corolla'}]}
]]></system-out>
  </testcase>
  <testcase name="T7_getRegisteredCustomers" classname="MenuTest" time="0.021">
    <failure type="org.opentest4j.AssertionFailedError"><![CDATA[org.opentest4j.AssertionFailedError: There should be one registered customer ==> expected: <1> but was: <0>
	at MenuTest.T7_getRegisteredCustomers(MenuTest.java:142)
]]></failure>
    <system-out><![CDATA[Customer added successfully: Customer{name='John', contactInfo='john@example.com', isRegistered=false, vehicles=[Vehicle{registrationNumber='123', make='Toyota', model='Corolla'}]}
Customer added successfully: Customer{name='Jane', contactInfo='jane@example.com', isRegistered=false, vehicles=[Vehicle{registrationNumber='456', make='Honda', model='Civic'}]}
]]></system-out>
  </testcase>
  <testcase name="T2_addCustomer_MissingFields" classname="MenuTest" time="0.004">
    <system-out><![CDATA[Invalid customer details. Customer not added.
]]></system-out>
  </testcase>
  <testcase name="T4_addVehicleToCustomer_InvalidCustomer" classname="MenuTest" time="0.036">
    <system-out><![CDATA[Customer not found: Jane Smith
]]></system-out>
  </testcase>
  <testcase name="T3_addVehicleToCustomer_ValidCustomer" classname="MenuTest" time="0.004">
    <system-out><![CDATA[Customer added successfully: Customer{name='John Doe', contactInfo='123-456-7890', isRegistered=false, vehicles=[Vehicle{registrationNumber='ABC123', make='Toyota', model='Corolla'}]}
Vehicle added successfully to customer: John Doe
]]></system-out>
  </testcase>
  <testcase name="T8_getUnregisteredCustomers" classname="MenuTest" time="0.008">
    <failure type="org.opentest4j.AssertionFailedError"><![CDATA[org.opentest4j.AssertionFailedError: There should be one unregistered customer ==> expected: <1> but was: <2>
	at MenuTest.T8_getUnregisteredCustomers(MenuTest.java:159)
]]></failure>
    <system-out><![CDATA[Customer added successfully: Customer{name='John', contactInfo='john@example.com', isRegistered=false, vehicles=[Vehicle{registrationNumber='123', make='Toyota', model='Corolla'}]}
Customer added successfully: Customer{name='Jane', contactInfo='jane@example.com', isRegistered=false, vehicles=[Vehicle{registrationNumber='456', make='Honda', model='Civic'}]}
]]></system-out>
  </testcase>
  <testcase name="T9_addSupplier_ValidSupplier" classname="MenuTest" time="0.007">
    <failure type="org.opentest4j.AssertionFailedError"><![CDATA[org.opentest4j.AssertionFailedError: There should be one supplier ==> expected: <1> but was: <2>
	at MenuTest.T9_addSupplier_ValidSupplier(MenuTest.java:126)
]]></failure>
    <system-out><![CDATA[Manufacturer and supplier added successfully.
Supplier added successfully to manufacturer: Toyota
]]></system-out>
  </testcase>
  <testcase name="T6_notifyUnregisteredCustomers" classname="MenuTest" time="0.003">
    <system-out><![CDATA[Customer added successfully: Customer{name='John', contactInfo='john@example.com', isRegistered=false, vehicles=[Vehicle{registrationNumber='123', make='Toyota', model='Corolla'}]}
Customer added successfully: Customer{name='Jane', contactInfo='jane@example.com', isRegistered=false, vehicles=[Vehicle{registrationNumber='456', make='Honda', model='Civic'}]}
Notification to John (john@example.com): Please register with us!
Notification to Jane (jane@example.com): Please register with us!
]]></system-out>
  </testcase>
</testsuite>